[debug] [2025-10-23T15:27:27.958Z] ----------------------------------------------------------------------
[debug] [2025-10-23T15:27:28.017Z] Command:       C:\nvm4w\nodejs\node.exe C:\Users\Família\AppData\Roaming\npm\node_modules\firebase-tools\lib\bin\firebase.js deploy --only functions
[debug] [2025-10-23T15:27:28.019Z] CLI Version:   13.29.3
[debug] [2025-10-23T15:27:28.021Z] Platform:      win32
[debug] [2025-10-23T15:27:28.021Z] Node Version:  v22.4.1
[debug] [2025-10-23T15:27:28.023Z] Time:          Thu Oct 23 2025 12:27:28 GMT-0300 (Horário Padrão de Brasília)
[debug] [2025-10-23T15:27:28.024Z] ----------------------------------------------------------------------
[debug] 
[debug] [2025-10-23T15:27:29.039Z] > command requires scopes: ["email","openid","https://www.googleapis.com/auth/cloudplatformprojects.readonly","https://www.googleapis.com/auth/firebase","https://www.googleapis.com/auth/cloud-platform"]
[debug] [2025-10-23T15:27:29.040Z] > authorizing via signed-in user (felipecazevedo94@gmail.com)
[debug] [2025-10-23T15:27:29.040Z] [iam] checking project vendorman-d66fd for permissions ["cloudfunctions.functions.create","cloudfunctions.functions.delete","cloudfunctions.functions.get","cloudfunctions.functions.list","cloudfunctions.functions.update","cloudfunctions.operations.get","firebase.projects.get"]
[debug] [2025-10-23T15:27:29.043Z] Checked if tokens are valid: false, expires at: 1761228995705
[debug] [2025-10-23T15:27:29.043Z] Checked if tokens are valid: false, expires at: 1761228995705
[debug] [2025-10-23T15:27:29.044Z] > refreshing access token with scopes: []
[debug] [2025-10-23T15:27:29.047Z] >>> [apiv2][query] POST https://www.googleapis.com/oauth2/v3/token [none]
[debug] [2025-10-23T15:27:29.047Z] >>> [apiv2][body] POST https://www.googleapis.com/oauth2/v3/token [omitted]
[debug] [2025-10-23T15:27:29.902Z] <<< [apiv2][status] POST https://www.googleapis.com/oauth2/v3/token 200
[debug] [2025-10-23T15:27:29.902Z] <<< [apiv2][body] POST https://www.googleapis.com/oauth2/v3/token [omitted]
[debug] [2025-10-23T15:27:29.969Z] >>> [apiv2][query] POST https://cloudresourcemanager.googleapis.com/v1/projects/vendorman-d66fd:testIamPermissions [none]
[debug] [2025-10-23T15:27:29.969Z] >>> [apiv2][(partial)header] POST https://cloudresourcemanager.googleapis.com/v1/projects/vendorman-d66fd:testIamPermissions x-goog-quota-user=projects/vendorman-d66fd
[debug] [2025-10-23T15:27:29.969Z] >>> [apiv2][body] POST https://cloudresourcemanager.googleapis.com/v1/projects/vendorman-d66fd:testIamPermissions {"permissions":["cloudfunctions.functions.create","cloudfunctions.functions.delete","cloudfunctions.functions.get","cloudfunctions.functions.list","cloudfunctions.functions.update","cloudfunctions.operations.get","firebase.projects.get"]}
[debug] [2025-10-23T15:27:31.292Z] <<< [apiv2][status] POST https://cloudresourcemanager.googleapis.com/v1/projects/vendorman-d66fd:testIamPermissions 200
[debug] [2025-10-23T15:27:31.293Z] <<< [apiv2][body] POST https://cloudresourcemanager.googleapis.com/v1/projects/vendorman-d66fd:testIamPermissions {"permissions":["cloudfunctions.functions.create","cloudfunctions.functions.delete","cloudfunctions.functions.get","cloudfunctions.functions.list","cloudfunctions.functions.update","cloudfunctions.operations.get","firebase.projects.get"]}
[debug] [2025-10-23T15:27:31.295Z] Checked if tokens are valid: true, expires at: 1761236848902
[debug] [2025-10-23T15:27:31.295Z] Checked if tokens are valid: true, expires at: 1761236848902
[debug] [2025-10-23T15:27:31.296Z] >>> [apiv2][query] POST https://iam.googleapis.com/v1/projects/vendorman-d66fd/serviceAccounts/vendorman-d66fd@appspot.gserviceaccount.com:testIamPermissions [none]
[debug] [2025-10-23T15:27:31.296Z] >>> [apiv2][body] POST https://iam.googleapis.com/v1/projects/vendorman-d66fd/serviceAccounts/vendorman-d66fd@appspot.gserviceaccount.com:testIamPermissions {"permissions":["iam.serviceAccounts.actAs"]}
[debug] [2025-10-23T15:27:32.625Z] <<< [apiv2][status] POST https://iam.googleapis.com/v1/projects/vendorman-d66fd/serviceAccounts/vendorman-d66fd@appspot.gserviceaccount.com:testIamPermissions 200
[debug] [2025-10-23T15:27:32.625Z] <<< [apiv2][body] POST https://iam.googleapis.com/v1/projects/vendorman-d66fd/serviceAccounts/vendorman-d66fd@appspot.gserviceaccount.com:testIamPermissions {"permissions":["iam.serviceAccounts.actAs"]}
[info] 
[info] === Deploying to 'vendorman-d66fd'...
[info] 
[info] i  deploying functions 
[debug] [2025-10-23T15:27:32.663Z] Checked if tokens are valid: true, expires at: 1761236848902
[debug] [2025-10-23T15:27:32.664Z] Checked if tokens are valid: true, expires at: 1761236848902
[debug] [2025-10-23T15:27:32.664Z] >>> [apiv2][query] GET https://cloudresourcemanager.googleapis.com/v1/projects/vendorman-d66fd [none]
[debug] [2025-10-23T15:27:32.987Z] <<< [apiv2][status] GET https://cloudresourcemanager.googleapis.com/v1/projects/vendorman-d66fd 200
[debug] [2025-10-23T15:27:32.988Z] <<< [apiv2][body] GET https://cloudresourcemanager.googleapis.com/v1/projects/vendorman-d66fd {"projectNumber":"703344121337","projectId":"vendorman-d66fd","lifecycleState":"ACTIVE","name":"vendorman","labels":{"firebase":"enabled","firebase-core":"disabled"},"createTime":"2025-10-23T03:35:35.054280Z"}
[info] i  functions: preparing codebase default for deployment 
[info] i  functions: ensuring required API cloudfunctions.googleapis.com is enabled... 
[debug] [2025-10-23T15:27:32.993Z] Checked if tokens are valid: true, expires at: 1761236848902
[debug] [2025-10-23T15:27:32.993Z] Checked if tokens are valid: true, expires at: 1761236848902
[debug] [2025-10-23T15:27:32.993Z] Checked if tokens are valid: true, expires at: 1761236848902
[debug] [2025-10-23T15:27:32.993Z] Checked if tokens are valid: true, expires at: 1761236848902
[info] i  functions: ensuring required API cloudbuild.googleapis.com is enabled... 
[debug] [2025-10-23T15:27:32.996Z] Checked if tokens are valid: true, expires at: 1761236848902
[debug] [2025-10-23T15:27:32.996Z] Checked if tokens are valid: true, expires at: 1761236848902
[info] i  artifactregistry: ensuring required API artifactregistry.googleapis.com is enabled... 
[debug] [2025-10-23T15:27:32.998Z] Checked if tokens are valid: true, expires at: 1761236848902
[debug] [2025-10-23T15:27:32.998Z] Checked if tokens are valid: true, expires at: 1761236848902
[debug] [2025-10-23T15:27:33.000Z] >>> [apiv2][query] GET https://serviceusage.googleapis.com/v1/projects/vendorman-d66fd/services/cloudfunctions.googleapis.com [none]
[debug] [2025-10-23T15:27:33.000Z] >>> [apiv2][(partial)header] GET https://serviceusage.googleapis.com/v1/projects/vendorman-d66fd/services/cloudfunctions.googleapis.com x-goog-quota-user=projects/vendorman-d66fd
[debug] [2025-10-23T15:27:33.003Z] >>> [apiv2][query] GET https://serviceusage.googleapis.com/v1/projects/vendorman-d66fd/services/runtimeconfig.googleapis.com [none]
[debug] [2025-10-23T15:27:33.003Z] >>> [apiv2][(partial)header] GET https://serviceusage.googleapis.com/v1/projects/vendorman-d66fd/services/runtimeconfig.googleapis.com x-goog-quota-user=projects/vendorman-d66fd
[debug] [2025-10-23T15:27:33.006Z] >>> [apiv2][query] GET https://serviceusage.googleapis.com/v1/projects/vendorman-d66fd/services/cloudbuild.googleapis.com [none]
[debug] [2025-10-23T15:27:33.006Z] >>> [apiv2][(partial)header] GET https://serviceusage.googleapis.com/v1/projects/vendorman-d66fd/services/cloudbuild.googleapis.com x-goog-quota-user=projects/vendorman-d66fd
[debug] [2025-10-23T15:27:33.010Z] >>> [apiv2][query] GET https://serviceusage.googleapis.com/v1/projects/vendorman-d66fd/services/artifactregistry.googleapis.com [none]
[debug] [2025-10-23T15:27:33.010Z] >>> [apiv2][(partial)header] GET https://serviceusage.googleapis.com/v1/projects/vendorman-d66fd/services/artifactregistry.googleapis.com x-goog-quota-user=projects/vendorman-d66fd
[debug] [2025-10-23T15:27:34.447Z] <<< [apiv2][status] GET https://serviceusage.googleapis.com/v1/projects/vendorman-d66fd/services/runtimeconfig.googleapis.com 200
[debug] [2025-10-23T15:27:34.448Z] <<< [apiv2][body] GET https://serviceusage.googleapis.com/v1/projects/vendorman-d66fd/services/runtimeconfig.googleapis.com [omitted]
[debug] [2025-10-23T15:27:34.486Z] <<< [apiv2][status] GET https://serviceusage.googleapis.com/v1/projects/vendorman-d66fd/services/artifactregistry.googleapis.com 200
[debug] [2025-10-23T15:27:34.487Z] <<< [apiv2][body] GET https://serviceusage.googleapis.com/v1/projects/vendorman-d66fd/services/artifactregistry.googleapis.com [omitted]
[info] +  artifactregistry: required API artifactregistry.googleapis.com is enabled 
[debug] [2025-10-23T15:27:34.548Z] <<< [apiv2][status] GET https://serviceusage.googleapis.com/v1/projects/vendorman-d66fd/services/cloudfunctions.googleapis.com 200
[debug] [2025-10-23T15:27:34.549Z] <<< [apiv2][body] GET https://serviceusage.googleapis.com/v1/projects/vendorman-d66fd/services/cloudfunctions.googleapis.com [omitted]
[info] +  functions: required API cloudfunctions.googleapis.com is enabled 
[debug] [2025-10-23T15:27:34.604Z] <<< [apiv2][status] GET https://serviceusage.googleapis.com/v1/projects/vendorman-d66fd/services/cloudbuild.googleapis.com 200
[debug] [2025-10-23T15:27:34.604Z] <<< [apiv2][body] GET https://serviceusage.googleapis.com/v1/projects/vendorman-d66fd/services/cloudbuild.googleapis.com [omitted]
[info] +  functions: required API cloudbuild.googleapis.com is enabled 
[debug] [2025-10-23T15:27:34.607Z] Checked if tokens are valid: true, expires at: 1761236848902
[debug] [2025-10-23T15:27:34.607Z] Checked if tokens are valid: true, expires at: 1761236848902
[debug] [2025-10-23T15:27:34.608Z] >>> [apiv2][query] GET https://firebase.googleapis.com/v1beta1/projects/vendorman-d66fd/adminSdkConfig [none]
[debug] [2025-10-23T15:27:35.304Z] <<< [apiv2][status] GET https://firebase.googleapis.com/v1beta1/projects/vendorman-d66fd/adminSdkConfig 200
[debug] [2025-10-23T15:27:35.304Z] <<< [apiv2][body] GET https://firebase.googleapis.com/v1beta1/projects/vendorman-d66fd/adminSdkConfig {"projectId":"vendorman-d66fd","storageBucket":"vendorman-d66fd.firebasestorage.app"}
[debug] [2025-10-23T15:27:35.305Z] Checked if tokens are valid: true, expires at: 1761236848902
[debug] [2025-10-23T15:27:35.305Z] Checked if tokens are valid: true, expires at: 1761236848902
[debug] [2025-10-23T15:27:35.306Z] >>> [apiv2][query] GET https://runtimeconfig.googleapis.com/v1beta1/projects/vendorman-d66fd/configs [none]
[debug] [2025-10-23T15:27:36.153Z] <<< [apiv2][status] GET https://runtimeconfig.googleapis.com/v1beta1/projects/vendorman-d66fd/configs 200
[debug] [2025-10-23T15:27:36.154Z] <<< [apiv2][body] GET https://runtimeconfig.googleapis.com/v1beta1/projects/vendorman-d66fd/configs {}
[debug] [2025-10-23T15:27:36.159Z] Validating nodejs source
[warn] !  functions: Runtime Node.js 18 was deprecated on 2025-04-30 and will be decommissioned on 2025-10-31, after which you will not be able to deploy without upgrading. Consider upgrading now to avoid disruption. See https://cloud.google.com/functions/docs/runtime-support for full details on the lifecycle policy 
[debug] [2025-10-23T15:27:41.219Z] > [functions] package.json contents: {
  "name": "functions",
  "description": "Cloud Functions for Firebase",
  "scripts": {
    "serve": "firebase emulators:start --only functions",
    "shell": "firebase functions:shell",
    "start": "npm run shell",
    "deploy": "firebase deploy --only functions",
    "logs": "firebase functions:log"
  },
  "engines": {
    "node": "18"
  },
  "main": "index.js",
  "dependencies": {
    "cors": "^2.8.5",
    "express": "^5.1.0",
    "firebase-admin": "^12.6.0",
    "firebase-functions": "^6.0.1",
    "mongoose": "^8.19.2"
  },
  "devDependencies": {
    "firebase-functions-test": "^3.1.0"
  },
  "private": true
}
[debug] [2025-10-23T15:27:41.220Z] Building nodejs source
[info] i  functions: Loading and analyzing source code for codebase default to determine what to deploy 
[debug] [2025-10-23T15:27:41.227Z] Could not find functions.yaml. Must use http discovery
[debug] [2025-10-23T15:27:41.269Z] Found firebase-functions binary at 'E:\apps\vendorMan\vendorMan\functions\node_modules\.bin\firebase-functions'
[info] Serving at port 8902

